<?xml version="1.0" encoding="UTF-8"?>
<coverage generated="1760736303676" clover="3.2.0">
  <project timestamp="1760736303676" name="All files">
    <metrics statements="9" coveredstatements="9" conditionals="16" coveredconditionals="15" methods="4" coveredmethods="4" elements="29" coveredelements="28" complexity="0" loc="9" ncloc="9" packages="1" files="1" classes="1"/>
    <file name="transform.js" path="/Users/prainy/Documents/GitHub/spicy-mango-test-engineer-technical-task/lib/transform.js">
      <metrics statements="9" coveredstatements="9" conditionals="16" coveredconditionals="15" methods="4" coveredmethods="4"/>
      <line num="17" count="28" type="cond" truecount="4" falsecount="0"/>
      <line num="18" count="20" type="cond" truecount="2" falsecount="0"/>
      <line num="19" count="19" type="stmt"/>
      <line num="34" count="28" type="cond" truecount="2" falsecount="0"/>
      <line num="35" count="17" type="cond" truecount="1" falsecount="1"/>
      <line num="36" count="17" type="cond" truecount="2" falsecount="0"/>
      <line num="37" count="11" type="stmt"/>
      <line num="55" count="28" type="stmt"/>
      <line num="64" count="4" type="stmt"/>
    </file>
  </project>
</coverage>
