{"/Users/prainy/Documents/GitHub/spicy-mango-test-engineer-technical-task/lib/transform.js": {"path":"/Users/prainy/Documents/GitHub/spicy-mango-test-engineer-technical-task/lib/transform.js","statementMap":{"0":{"start":{"line":17,"column":4},"end":{"line":17,"column":61}},"1":{"start":{"line":17,"column":49},"end":{"line":17,"column":61}},"2":{"start":{"line":18,"column":4},"end":{"line":18,"column":58}},"3":{"start":{"line":18,"column":36},"end":{"line":18,"column":58}},"4":{"start":{"line":19,"column":4},"end":{"line":19,"column":18}},"5":{"start":{"line":34,"column":4},"end":{"line":34,"column":44}},"6":{"start":{"line":34,"column":30},"end":{"line":34,"column":44}},"7":{"start":{"line":35,"column":4},"end":{"line":35,"column":48}},"8":{"start":{"line":35,"column":30},"end":{"line":35,"column":48}},"9":{"start":{"line":36,"column":4},"end":{"line":36,"column":52}},"10":{"start":{"line":36,"column":31},"end":{"line":36,"column":52}},"11":{"start":{"line":37,"column":4},"end":{"line":37,"column":25}},"12":{"start":{"line":55,"column":4},"end":{"line":61,"column":8}},"13":{"start":{"line":55,"column":39},"end":{"line":61,"column":5}},"14":{"start":{"line":64,"column":0},"end":{"line":64,"column":34}}},"fnMap":{"0":{"name":"normalizeScore","decl":{"start":{"line":16,"column":9},"end":{"line":16,"column":23}},"loc":{"start":{"line":16,"column":32},"end":{"line":20,"column":1}},"line":16},"1":{"name":"mapStatus","decl":{"start":{"line":33,"column":9},"end":{"line":33,"column":18}},"loc":{"start":{"line":33,"column":26},"end":{"line":38,"column":1}},"line":33},"2":{"name":"runTransform","decl":{"start":{"line":54,"column":9},"end":{"line":54,"column":21}},"loc":{"start":{"line":54,"column":39},"end":{"line":62,"column":1}},"line":54},"3":{"name":"(anonymous_3)","decl":{"start":{"line":55,"column":31},"end":{"line":55,"column":32}},"loc":{"start":{"line":55,"column":39},"end":{"line":61,"column":5}},"line":55}},"branchMap":{"0":{"loc":{"start":{"line":17,"column":4},"end":{"line":17,"column":61}},"type":"if","locations":[{"start":{"line":17,"column":4},"end":{"line":17,"column":61}},{"start":{},"end":{}}],"line":17},"1":{"loc":{"start":{"line":17,"column":8},"end":{"line":17,"column":47}},"type":"binary-expr","locations":[{"start":{"line":17,"column":8},"end":{"line":17,"column":23}},{"start":{"line":17,"column":27},"end":{"line":17,"column":47}}],"line":17},"2":{"loc":{"start":{"line":18,"column":4},"end":{"line":18,"column":58}},"type":"if","locations":[{"start":{"line":18,"column":4},"end":{"line":18,"column":58}},{"start":{},"end":{}}],"line":18},"3":{"loc":{"start":{"line":34,"column":4},"end":{"line":34,"column":44}},"type":"if","locations":[{"start":{"line":34,"column":4},"end":{"line":34,"column":44}},{"start":{},"end":{}}],"line":34},"4":{"loc":{"start":{"line":35,"column":4},"end":{"line":35,"column":48}},"type":"if","locations":[{"start":{"line":35,"column":4},"end":{"line":35,"column":48}},{"start":{},"end":{}}],"line":35},"5":{"loc":{"start":{"line":36,"column":4},"end":{"line":36,"column":52}},"type":"if","locations":[{"start":{"line":36,"column":4},"end":{"line":36,"column":52}},{"start":{},"end":{}}],"line":36},"6":{"loc":{"start":{"line":57,"column":18},"end":{"line":57,"column":40}},"type":"cond-expr","locations":[{"start":{"line":57,"column":27},"end":{"line":57,"column":33}},{"start":{"line":57,"column":36},"end":{"line":57,"column":40}}],"line":57},"7":{"loc":{"start":{"line":58,"column":18},"end":{"line":58,"column":40}},"type":"cond-expr","locations":[{"start":{"line":58,"column":27},"end":{"line":58,"column":33}},{"start":{"line":58,"column":36},"end":{"line":58,"column":40}}],"line":58}},"s":{"0":28,"1":8,"2":20,"3":1,"4":19,"5":28,"6":11,"7":17,"8":0,"9":17,"10":6,"11":11,"12":4,"13":28,"14":4},"f":{"0":28,"1":28,"2":4,"3":28},"b":{"0":[8,20],"1":[28,26],"2":[1,19],"3":[11,17],"4":[0,17],"5":[6,11],"6":[23,5],"7":[22,6]},"_coverageSchema":"1a1c01bbd47fc00a2c39e90264f33305004495a9","hash":"2211acc12054ca73a55edbdf71fa4fc596b87120"}
}
