TN:
SF:lib/transform.js
FN:16,normalizeScore
FN:33,mapStatus
FN:54,runTransform
FN:55,(anonymous_3)
FNF:4
FNH:4
FNDA:28,normalizeScore
FNDA:28,mapStatus
FNDA:4,runTransform
FNDA:28,(anonymous_3)
DA:17,28
DA:18,20
DA:19,19
DA:34,28
DA:35,17
DA:36,17
DA:37,11
DA:55,28
DA:64,4
LF:9
LH:9
BRDA:17,0,0,8
BRDA:17,0,1,20
BRDA:17,1,0,28
BRDA:17,1,1,26
BRDA:18,2,0,1
BRDA:18,2,1,19
BRDA:34,3,0,11
BRDA:34,3,1,17
BRDA:35,4,0,0
BRDA:35,4,1,17
BRDA:36,5,0,6
BRDA:36,5,1,11
BRDA:57,6,0,23
BRDA:57,6,1,5
BRDA:58,7,0,22
BRDA:58,7,1,6
BRF:16
BRH:15
end_of_record
